# JRE version: OpenJDK Runtime Environment (8.0_242-b01) (build 1.8.0_242-release-1644-b01)
# Java VM: OpenJDK 64-Bit Server VM (25.242-b01 mixed mode windows-amd64 compressed oops)
Heap:
 PSYoungGen      total 620032K, used 346519K [0x00000000d5580000, 0x0000000100000000, 0x0000000100000000)
  eden space 541184K, 60% used [0x00000000d5580000,0x00000000e95a1050,0x00000000f6600000)
  from space 78848K, 23% used [0x00000000f6600000,0x00000000f7844ec0,0x00000000fb300000)
  to   space 74752K, 0% used [0x00000000fb700000,0x00000000fb700000,0x0000000100000000)
 ParOldGen       total 235008K, used 150648K [0x0000000080000000, 0x000000008e580000, 0x00000000d5580000)
  object space 235008K, 64% used [0x0000000080000000,0x000000008931e270,0x000000008e580000)
 Metaspace       used 123447K, capacity 131042K, committed 136088K, reserved 1167360K
  class space    used 15491K, capacity 16813K, committed 17840K, reserved 1048576K
GC Heap History (10 events):
Event: 10094.330 GC heap before
{Heap before GC invocations=64 (full 7):
 PSYoungGen      total 626176K, used 7440K [0x00000000d5580000, 0x00000000ff880000, 0x0000000100000000)
  eden space 618496K, 0% used [0x00000000d5580000,0x00000000d5580000,0x00000000fb180000)
  from space 7680K, 96% used [0x00000000fb180000,0x00000000fb8c4078,0x00000000fb900000)
  to   space 36352K, 0% used [0x00000000fd500000,0x00000000fd500000,0x00000000ff880000)
 ParOldGen       total 235008K, used 174258K [0x0000000080000000, 0x000000008e580000, 0x00000000d5580000)
  object space 235008K, 74% used [0x0000000080000000,0x000000008aa2c940,0x000000008e580000)
 Metaspace       used 126130K, capacity 135792K, committed 136088K, reserved 1167360K
  class space    used 16048K, capacity 17696K, committed 17840K, reserved 1048576K
Event: 10094.847 GC heap after
Heap after GC invocations=64 (full 7):
 PSYoungGen      total 626176K, used 0K [0x00000000d5580000, 0x00000000ff880000, 0x0000000100000000)
  eden space 618496K, 0% used [0x00000000d5580000,0x00000000d5580000,0x00000000fb180000)
  from space 7680K, 0% used [0x00000000fb180000,0x00000000fb180000,0x00000000fb900000)
  to   space 36352K, 0% used [0x00000000fd500000,0x00000000fd500000,0x00000000ff880000)
 ParOldGen       total 235008K, used 54298K [0x0000000080000000, 0x000000008e580000, 0x00000000d5580000)
  object space 235008K, 23% used [0x0000000080000000,0x0000000083506b20,0x000000008e580000)
 Metaspace       used 120687K, capacity 127702K, committed 136088K, reserved 1167360K
  class space    used 15187K, capacity 16373K, committed 17840K, reserved 1048576K
}
Event: 13072.666 GC heap before
{Heap before GC invocations=65 (full 7):
 PSYoungGen      total 626176K, used 618496K [0x00000000d5580000, 0x00000000ff880000, 0x0000000100000000)
  eden space 618496K, 100% used [0x00000000d5580000,0x00000000fb180000,0x00000000fb180000)
  from space 7680K, 0% used [0x00000000fb180000,0x00000000fb180000,0x00000000fb900000)
  to   space 36352K, 0% used [0x00000000fd500000,0x00000000fd500000,0x00000000ff880000)
 ParOldGen       total 235008K, used 54298K [0x0000000080000000, 0x000000008e580000, 0x00000000d5580000)
  object space 235008K, 23% used [0x0000000080000000,0x0000000083506b20,0x000000008e580000)
 Metaspace       used 123254K, capacity 130864K, committed 136088K, reserved 1167360K
  class space    used 15467K, capacity 16806K, committed 17840K, reserved 1048576K
Event: 13072.850 GC heap after
Heap after GC invocations=65 (full 7):
 PSYoungGen      total 634880K, used 36331K [0x00000000d5580000, 0x0000000100000000, 0x0000000100000000)
  eden space 598528K, 0% used [0x00000000d5580000,0x00000000d5580000,0x00000000f9e00000)
  from space 36352K, 99% used [0x00000000fd500000,0x00000000ff87ad28,0x00000000ff880000)
  to   space 50176K, 0% used [0x00000000f9e00000,0x00000000f9e00000,0x00000000fcf00000)
 ParOldGen       total 235008K, used 74441K [0x0000000080000000, 0x000000008e580000, 0x00000000d5580000)
  object space 235008K, 31% used [0x0000000080000000,0x00000000848b25f0,0x000000008e580000)
 Metaspace       used 123254K, capacity 130864K, committed 136088K, reserved 1167360K
  class space    used 15467K, capacity 16806K, committed 17840K, reserved 1048576K
}
Event: 13073.823 GC heap before
{Heap before GC invocations=66 (full 7):
 PSYoungGen      total 634880K, used 634859K [0x00000000d5580000, 0x0000000100000000, 0x0000000100000000)
  eden space 598528K, 100% used [0x00000000d5580000,0x00000000f9e00000,0x00000000f9e00000)
  from space 36352K, 99% used [0x00000000fd500000,0x00000000ff87ad28,0x00000000ff880000)
  to   space 50176K, 0% used [0x00000000f9e00000,0x00000000f9e00000,0x00000000fcf00000)
 ParOldGen       total 235008K, used 74441K [0x0000000080000000, 0x000000008e580000, 0x00000000d5580000)
  object space 235008K, 31% used [0x0000000080000000,0x00000000848b25f0,0x000000008e580000)
 Metaspace       used 123312K, capacity 130908K, committed 136088K, reserved 1167360K
  class space    used 15471K, capacity 16812K, committed 17840K, reserved 1048576K
Event: 13074.057 GC heap after
Heap after GC invocations=66 (full 7):
 PSYoungGen      total 648704K, used 50157K [0x00000000d5580000, 0x0000000100000000, 0x0000000100000000)
  eden space 598528K, 0% used [0x00000000d5580000,0x00000000d5580000,0x00000000f9e00000)
  from space 50176K, 99% used [0x00000000f9e00000,0x00000000fcefb4a8,0x00000000fcf00000)
  to   space 50176K, 0% used [0x00000000fcf00000,0x00000000fcf00000,0x0000000100000000)
 ParOldGen       total 235008K, used 96791K [0x0000000080000000, 0x000000008e580000, 0x00000000d5580000)
  object space 235008K, 41% used [0x0000000080000000,0x0000000085e85d50,0x000000008e580000)
 Metaspace       used 123312K, capacity 130908K, committed 136088K, reserved 1167360K
  class space    used 15471K, capacity 16812K, committed 17840K, reserved 1048576K
}
Event: 13074.901 GC heap before
{Heap before GC invocations=67 (full 7):
 PSYoungGen      total 648704K, used 648685K [0x00000000d5580000, 0x0000000100000000, 0x0000000100000000)
  eden space 598528K, 100% used [0x00000000d5580000,0x00000000f9e00000,0x00000000f9e00000)
  from space 50176K, 99% used [0x00000000f9e00000,0x00000000fcefb4a8,0x00000000fcf00000)
  to   space 50176K, 0% used [0x00000000fcf00000,0x00000000fcf00000,0x0000000100000000)
 ParOldGen       total 235008K, used 96791K [0x0000000080000000, 0x000000008e580000, 0x00000000d5580000)
  object space 235008K, 41% used [0x0000000080000000,0x0000000085e85d50,0x000000008e580000)
 Metaspace       used 123318K, capacity 130912K, committed 136088K, reserved 1167360K
  class space    used 15471K, capacity 16812K, committed 17840K, reserved 1048576K
Event: 13075.035 GC heap after
Heap after GC invocations=67 (full 7):
 PSYoungGen      total 591360K, used 50153K [0x00000000d5580000, 0x0000000100000000, 0x0000000100000000)
  eden space 541184K, 0% used [0x00000000d5580000,0x00000000d5580000,0x00000000f6600000)
  from space 50176K, 99% used [0x00000000fcf00000,0x00000000ffffa758,0x0000000100000000)
  to   space 78848K, 0% used [0x00000000f6600000,0x00000000f6600000,0x00000000fb300000)
 ParOldGen       total 235008K, used 111091K [0x0000000080000000, 0x000000008e580000, 0x00000000d5580000)
  object space 235008K, 47% used [0x0000000080000000,0x0000000086c7ce10,0x000000008e580000)
 Metaspace       used 123318K, capacity 130912K, committed 136088K, reserved 1167360K
  class space    used 15471K, capacity 16812K, committed 17840K, reserved 1048576K
}
Event: 13075.571 GC heap before
{Heap before GC invocations=68 (full 7):
 PSYoungGen      total 591360K, used 591337K [0x00000000d5580000, 0x0000000100000000, 0x0000000100000000)
  eden space 541184K, 100% used [0x00000000d5580000,0x00000000f6600000,0x00000000f6600000)
  from space 50176K, 99% used [0x00000000fcf00000,0x00000000ffffa758,0x0000000100000000)
  to   space 78848K, 0% used [0x00000000f6600000,0x00000000f6600000,0x00000000fb300000)
 ParOldGen       total 235008K, used 111091K [0x0000000080000000, 0x000000008e580000, 0x00000000d5580000)
  object space 235008K, 47% used [0x0000000080000000,0x0000000086c7ce10,0x000000008e580000)
 Metaspace       used 123447K, capacity 131042K, committed 136088K, reserved 1167360K
  class space    used 15491K, capacity 16813K, committed 17840K, reserved 1048576K
Event: 13075.720 GC heap after
Heap after GC invocations=68 (full 7):
 PSYoungGen      total 620032K, used 18707K [0x00000000d5580000, 0x0000000100000000, 0x0000000100000000)
  eden space 541184K, 0% used [0x00000000d5580000,0x00000000d5580000,0x00000000f6600000)
  from space 78848K, 23% used [0x00000000f6600000,0x00000000f7844ec0,0x00000000fb300000)
  to   space 74752K, 0% used [0x00000000fb700000,0x00000000fb700000,0x0000000100000000)
 ParOldGen       total 235008K, used 150648K [0x0000000080000000, 0x000000008e580000, 0x00000000d5580000)
  object space 235008K, 64% used [0x0000000080000000,0x000000008931e270,0x000000008e580000)
 Metaspace       used 123447K, capacity 131042K, committed 136088K, reserved 1167360K
  class space    used 15491K, capacity 16813K, committed 17840K, reserved 1048576K
}

